2012-08-06 17:46:06,937 ERROR [errorlog] java.lang.StringIndexOutOfBoundsException: String index out of range: -1
java.lang.StringIndexOutOfBoundsException: String index out of range: -1
	at java.lang.String.substring(String.java:1937)
	at java_lang_String$substring.call(Unknown Source)
	at org.codehaus.groovy.runtime.callsite.CallSiteArray.defaultCall(CallSiteArray.java:42)
	at org.codehaus.groovy.runtime.callsite.AbstractCallSite.call(AbstractCallSite.java:108)
	at org.codehaus.groovy.runtime.callsite.AbstractCallSite.call(AbstractCallSite.java:120)
	at Script1.run(Script1.groovy:10)
	at com.eviware.soapui.support.scripting.groovy.SoapUIGroovyScriptEngine.run(SoapUIGroovyScriptEngine.java:96)
	at com.eviware.soapui.support.scripting.groovy.SoapUIProGroovyScriptEngineFactory$SoapUIProGroovyScriptEngine.run(SourceFile:89)
	at com.eviware.soapui.impl.wsdl.teststeps.WsdlGroovyScriptTestStep.run(WsdlGroovyScriptTestStep.java:149)
	at com.eviware.soapui.impl.wsdl.support.AbstractTestCaseRunner.runTestStep(AbstractTestCaseRunner.java:238)
	at com.eviware.soapui.impl.wsdl.testcase.WsdlTestCaseRunner.runCurrentTestStep(WsdlTestCaseRunner.java:48)
	at com.eviware.soapui.impl.wsdl.support.AbstractTestCaseRunner.internalRun(AbstractTestCaseRunner.java:147)
	at com.eviware.soapui.impl.wsdl.support.AbstractTestCaseRunner.internalRun(AbstractTestCaseRunner.java:42)
	at com.eviware.soapui.impl.wsdl.support.AbstractTestRunner.run(AbstractTestRunner.java:135)
	at java.util.concurrent.Executors$RunnableAdapter.call(Executors.java:441)
	at java.util.concurrent.FutureTask$Sync.innerRun(FutureTask.java:303)
	at java.util.concurrent.FutureTask.run(FutureTask.java:138)
	at java.util.concurrent.ThreadPoolExecutor$Worker.runTask(ThreadPoolExecutor.java:886)
	at java.util.concurrent.ThreadPoolExecutor$Worker.run(ThreadPoolExecutor.java:908)
	at java.lang.Thread.run(Thread.java:680)
2012-08-06 17:46:09,656 ERROR [errorlog] java.lang.StringIndexOutOfBoundsException: String index out of range: -1
java.lang.StringIndexOutOfBoundsException: String index out of range: -1
	at java.lang.String.substring(String.java:1937)
	at java_lang_String$substring.call(Unknown Source)
	at org.codehaus.groovy.runtime.callsite.CallSiteArray.defaultCall(CallSiteArray.java:42)
	at org.codehaus.groovy.runtime.callsite.AbstractCallSite.call(AbstractCallSite.java:108)
	at org.codehaus.groovy.runtime.callsite.AbstractCallSite.call(AbstractCallSite.java:120)
	at Script1.run(Script1.groovy:10)
	at com.eviware.soapui.support.scripting.groovy.SoapUIGroovyScriptEngine.run(SoapUIGroovyScriptEngine.java:96)
	at com.eviware.soapui.support.scripting.groovy.SoapUIProGroovyScriptEngineFactory$SoapUIProGroovyScriptEngine.run(SourceFile:89)
	at com.eviware.soapui.impl.wsdl.teststeps.WsdlGroovyScriptTestStep.run(WsdlGroovyScriptTestStep.java:149)
	at com.eviware.soapui.impl.wsdl.support.AbstractTestCaseRunner.runTestStep(AbstractTestCaseRunner.java:238)
	at com.eviware.soapui.impl.wsdl.testcase.WsdlTestCaseRunner.runCurrentTestStep(WsdlTestCaseRunner.java:48)
	at com.eviware.soapui.impl.wsdl.support.AbstractTestCaseRunner.internalRun(AbstractTestCaseRunner.java:147)
	at com.eviware.soapui.impl.wsdl.support.AbstractTestCaseRunner.internalRun(AbstractTestCaseRunner.java:42)
	at com.eviware.soapui.impl.wsdl.support.AbstractTestRunner.run(AbstractTestRunner.java:135)
	at java.util.concurrent.Executors$RunnableAdapter.call(Executors.java:441)
	at java.util.concurrent.FutureTask$Sync.innerRun(FutureTask.java:303)
	at java.util.concurrent.FutureTask.run(FutureTask.java:138)
	at java.util.concurrent.ThreadPoolExecutor$Worker.runTask(ThreadPoolExecutor.java:886)
	at java.util.concurrent.ThreadPoolExecutor$Worker.run(ThreadPoolExecutor.java:908)
	at java.lang.Thread.run(Thread.java:680)
2012-08-06 17:46:12,715 ERROR [errorlog] java.lang.StringIndexOutOfBoundsException: String index out of range: -1
java.lang.StringIndexOutOfBoundsException: String index out of range: -1
	at java.lang.String.substring(String.java:1937)
	at java_lang_String$substring.call(Unknown Source)
	at org.codehaus.groovy.runtime.callsite.CallSiteArray.defaultCall(CallSiteArray.java:42)
	at org.codehaus.groovy.runtime.callsite.AbstractCallSite.call(AbstractCallSite.java:108)
	at org.codehaus.groovy.runtime.callsite.AbstractCallSite.call(AbstractCallSite.java:120)
	at Script1.run(Script1.groovy:10)
	at com.eviware.soapui.support.scripting.groovy.SoapUIGroovyScriptEngine.run(SoapUIGroovyScriptEngine.java:96)
	at com.eviware.soapui.support.scripting.groovy.SoapUIProGroovyScriptEngineFactory$SoapUIProGroovyScriptEngine.run(SourceFile:89)
	at com.eviware.soapui.impl.wsdl.teststeps.WsdlGroovyScriptTestStep.run(WsdlGroovyScriptTestStep.java:149)
	at com.eviware.soapui.impl.wsdl.support.AbstractTestCaseRunner.runTestStep(AbstractTestCaseRunner.java:238)
	at com.eviware.soapui.impl.wsdl.testcase.WsdlTestCaseRunner.runCurrentTestStep(WsdlTestCaseRunner.java:48)
	at com.eviware.soapui.impl.wsdl.support.AbstractTestCaseRunner.internalRun(AbstractTestCaseRunner.java:147)
	at com.eviware.soapui.impl.wsdl.support.AbstractTestCaseRunner.internalRun(AbstractTestCaseRunner.java:42)
	at com.eviware.soapui.impl.wsdl.support.AbstractTestRunner.run(AbstractTestRunner.java:135)
	at java.util.concurrent.Executors$RunnableAdapter.call(Executors.java:441)
	at java.util.concurrent.FutureTask$Sync.innerRun(FutureTask.java:303)
	at java.util.concurrent.FutureTask.run(FutureTask.java:138)
	at java.util.concurrent.ThreadPoolExecutor$Worker.runTask(ThreadPoolExecutor.java:886)
	at java.util.concurrent.ThreadPoolExecutor$Worker.run(ThreadPoolExecutor.java:908)
	at java.lang.Thread.run(Thread.java:680)
2012-08-06 17:46:15,600 ERROR [errorlog] java.lang.StringIndexOutOfBoundsException: String index out of range: -1
java.lang.StringIndexOutOfBoundsException: String index out of range: -1
	at java.lang.String.substring(String.java:1937)
	at java_lang_String$substring.call(Unknown Source)
	at org.codehaus.groovy.runtime.callsite.CallSiteArray.defaultCall(CallSiteArray.java:42)
	at org.codehaus.groovy.runtime.callsite.AbstractCallSite.call(AbstractCallSite.java:108)
	at org.codehaus.groovy.runtime.callsite.AbstractCallSite.call(AbstractCallSite.java:120)
	at Script1.run(Script1.groovy:10)
	at com.eviware.soapui.support.scripting.groovy.SoapUIGroovyScriptEngine.run(SoapUIGroovyScriptEngine.java:96)
	at com.eviware.soapui.support.scripting.groovy.SoapUIProGroovyScriptEngineFactory$SoapUIProGroovyScriptEngine.run(SourceFile:89)
	at com.eviware.soapui.impl.wsdl.teststeps.WsdlGroovyScriptTestStep.run(WsdlGroovyScriptTestStep.java:149)
	at com.eviware.soapui.impl.wsdl.support.AbstractTestCaseRunner.runTestStep(AbstractTestCaseRunner.java:238)
	at com.eviware.soapui.impl.wsdl.testcase.WsdlTestCaseRunner.runCurrentTestStep(WsdlTestCaseRunner.java:48)
	at com.eviware.soapui.impl.wsdl.support.AbstractTestCaseRunner.internalRun(AbstractTestCaseRunner.java:147)
	at com.eviware.soapui.impl.wsdl.support.AbstractTestCaseRunner.internalRun(AbstractTestCaseRunner.java:42)
	at com.eviware.soapui.impl.wsdl.support.AbstractTestRunner.run(AbstractTestRunner.java:135)
	at java.util.concurrent.Executors$RunnableAdapter.call(Executors.java:441)
	at java.util.concurrent.FutureTask$Sync.innerRun(FutureTask.java:303)
	at java.util.concurrent.FutureTask.run(FutureTask.java:138)
	at java.util.concurrent.ThreadPoolExecutor$Worker.runTask(ThreadPoolExecutor.java:886)
	at java.util.concurrent.ThreadPoolExecutor$Worker.run(ThreadPoolExecutor.java:908)
	at java.lang.Thread.run(Thread.java:680)
2012-08-06 17:46:51,389 ERROR [errorlog] java.lang.RuntimeException: net.sf.saxon.trans.XPathException: XPath syntax error at char 23 on line 2 in {\n//Response//e[task_id=]//}:
    Unexpected token "]" in path expression
java.lang.RuntimeException: net.sf.saxon.trans.XPathException: XPath syntax error at char 23 on line 2 in {\n//Response//e[task_id=]//}:
    Unexpected token "]" in path expression
	at org.apache.xmlbeans.impl.xpath.saxon.XBeansXPath.selectNodes(XBeansXPath.java:142)
	at org.apache.xmlbeans.impl.xpath.saxon.XBeansXPath.selectPath(XBeansXPath.java:148)
	at org.apache.xmlbeans.impl.store.Path$DelegatePathImpl$DelegatePathEngine.next(Path.java:541)
	at org.apache.xmlbeans.impl.store.Cursor._toSelection(Cursor.java:931)
	at org.apache.xmlbeans.impl.store.Cursor._toNextSelection(Cursor.java:920)
	at org.apache.xmlbeans.impl.store.Cursor.toNextSelection(Cursor.java:2670)
	at com.eviware.soapui.support.xml.XmlUtils.selectFirstDomNode(XmlUtils.java:1411)
	at com.eviware.soapui.support.xml.XmlUtils.selectFirstNodeValue(XmlUtils.java:1387)
	at com.eviware.soapui.support.XmlHolder.getNodeValue(XmlHolder.java:77)
	at com.eviware.soapui.support.XmlHolder$getNodeValue.call(Unknown Source)
	at org.codehaus.groovy.runtime.callsite.CallSiteArray.defaultCall(CallSiteArray.java:42)
	at org.codehaus.groovy.runtime.callsite.AbstractCallSite.call(AbstractCallSite.java:108)
	at org.codehaus.groovy.runtime.callsite.AbstractCallSite.call(AbstractCallSite.java:116)
	at Script1.run(Script1.groovy:14)
	at com.eviware.soapui.support.scripting.groovy.SoapUIGroovyScriptEngine.run(SoapUIGroovyScriptEngine.java:96)
	at com.eviware.soapui.support.scripting.groovy.SoapUIProGroovyScriptEngineFactory$SoapUIProGroovyScriptEngine.run(SourceFile:89)
	at com.eviware.soapui.impl.wsdl.teststeps.WsdlGroovyScriptTestStep.run(WsdlGroovyScriptTestStep.java:149)
	at com.eviware.soapui.impl.wsdl.support.AbstractTestCaseRunner.runTestStep(AbstractTestCaseRunner.java:238)
	at com.eviware.soapui.impl.wsdl.testcase.WsdlTestCaseRunner.runCurrentTestStep(WsdlTestCaseRunner.java:48)
	at com.eviware.soapui.impl.wsdl.support.AbstractTestCaseRunner.internalRun(AbstractTestCaseRunner.java:147)
	at com.eviware.soapui.impl.wsdl.support.AbstractTestCaseRunner.internalRun(AbstractTestCaseRunner.java:42)
	at com.eviware.soapui.impl.wsdl.support.AbstractTestRunner.run(AbstractTestRunner.java:135)
	at java.util.concurrent.Executors$RunnableAdapter.call(Executors.java:441)
	at java.util.concurrent.FutureTask$Sync.innerRun(FutureTask.java:303)
	at java.util.concurrent.FutureTask.run(FutureTask.java:138)
	at java.util.concurrent.ThreadPoolExecutor$Worker.runTask(ThreadPoolExecutor.java:886)
	at java.util.concurrent.ThreadPoolExecutor$Worker.run(ThreadPoolExecutor.java:908)
	at java.lang.Thread.run(Thread.java:680)
Caused by: net.sf.saxon.trans.XPathException: XPath syntax error at char 23 on line 2 in {\n//Response//e[task_id=]//}:
    Unexpected token "]" in path expression
	at net.sf.saxon.expr.ExpressionParser.grumble(ExpressionParser.java:149)
	at net.sf.saxon.expr.ExpressionParser.grumble(ExpressionParser.java:125)
	at net.sf.saxon.expr.ExpressionParser.parseBasicStep(ExpressionParser.java:1390)
	at net.sf.saxon.expr.ExpressionParser.parseStepExpression(ExpressionParser.java:1213)
	at net.sf.saxon.expr.ExpressionParser.parseRelativePath(ExpressionParser.java:1151)
	at net.sf.saxon.expr.ExpressionParser.parsePathExpression(ExpressionParser.java:1137)
	at net.sf.saxon.expr.ExpressionParser.parseUnaryExpression(ExpressionParser.java:1026)
	at net.sf.saxon.expr.ExpressionParser.parseCastExpression(ExpressionParser.java:691)
	at net.sf.saxon.expr.ExpressionParser.parseCastableExpression(ExpressionParser.java:646)
	at net.sf.saxon.expr.ExpressionParser.parseTreatExpression(ExpressionParser.java:627)
	at net.sf.saxon.expr.ExpressionParser.parseInstanceOfExpression(ExpressionParser.java:609)
	at net.sf.saxon.expr.ExpressionParser.parseIntersectExpression(ExpressionParser.java:1059)
	at net.sf.saxon.expr.ExpressionParser.parseUnionExpression(ExpressionParser.java:1041)
	at net.sf.saxon.expr.ExpressionParser.parseMultiplicativeExpression(ExpressionParser.java:978)
	at net.sf.saxon.expr.ExpressionParser.parseAdditiveExpression(ExpressionParser.java:958)
	at net.sf.saxon.expr.ExpressionParser.parseRangeExpression(ExpressionParser.java:876)
	at net.sf.saxon.expr.ExpressionParser.parseComparisonExpression(ExpressionParser.java:845)
	at net.sf.saxon.expr.ExpressionParser.parseAndExpression(ExpressionParser.java:423)
	at net.sf.saxon.expr.ExpressionParser.parseOrExpression(ExpressionParser.java:405)
	at net.sf.saxon.expr.ExpressionParser.parseExprSingle(ExpressionParser.java:354)
	at net.sf.saxon.expr.ExpressionParser.parseExpression(ExpressionParser.java:306)
	at net.sf.saxon.expr.ExpressionParser.parseStepExpression(ExpressionParser.java:1223)
	at net.sf.saxon.expr.ExpressionParser.parseRemainingPath(ExpressionParser.java:1185)
	at net.sf.saxon.expr.ExpressionParser.parsePathExpression(ExpressionParser.java:1133)
	at net.sf.saxon.expr.ExpressionParser.parseUnaryExpression(ExpressionParser.java:1026)
	at net.sf.saxon.expr.ExpressionParser.parseCastExpression(ExpressionParser.java:691)
	at net.sf.saxon.expr.ExpressionParser.parseCastableExpression(ExpressionParser.java:646)
	at net.sf.saxon.expr.ExpressionParser.parseTreatExpression(ExpressionParser.java:627)
	at net.sf.saxon.expr.ExpressionParser.parseInstanceOfExpression(ExpressionParser.java:609)
	at net.sf.saxon.expr.ExpressionParser.parseIntersectExpression(ExpressionParser.java:1059)
	at net.sf.saxon.expr.ExpressionParser.parseUnionExpression(ExpressionParser.java:1041)
	at net.sf.saxon.expr.ExpressionParser.parseMultiplicativeExpression(ExpressionParser.java:978)
	at net.sf.saxon.expr.ExpressionParser.parseAdditiveExpression(ExpressionParser.java:958)
	at net.sf.saxon.expr.ExpressionParser.parseRangeExpression(ExpressionParser.java:876)
	at net.sf.saxon.expr.ExpressionParser.parseComparisonExpression(ExpressionParser.java:826)
	at net.sf.saxon.expr.ExpressionParser.parseAndExpression(ExpressionParser.java:423)
	at net.sf.saxon.expr.ExpressionParser.parseOrExpression(ExpressionParser.java:405)
	at net.sf.saxon.expr.ExpressionParser.parseExprSingle(ExpressionParser.java:354)
	at net.sf.saxon.expr.ExpressionParser.parseExpression(ExpressionParser.java:306)
	at net.sf.saxon.expr.ExpressionParser.parse(ExpressionParser.java:228)
	at net.sf.saxon.expr.ExpressionTool.make(ExpressionTool.java:73)
	at net.sf.saxon.sxpath.XPathEvaluator.createExpression(XPathEvaluator.java:167)
	at org.apache.xmlbeans.impl.xpath.saxon.XBeansXPath.selectNodes(XBeansXPath.java:111)
	... 27 more
2012-08-06 17:46:54,037 ERROR [errorlog] java.lang.StringIndexOutOfBoundsException: String index out of range: -1
java.lang.StringIndexOutOfBoundsException: String index out of range: -1
	at java.lang.String.substring(String.java:1937)
	at java_lang_String$substring.call(Unknown Source)
	at org.codehaus.groovy.runtime.callsite.CallSiteArray.defaultCall(CallSiteArray.java:42)
	at org.codehaus.groovy.runtime.callsite.AbstractCallSite.call(AbstractCallSite.java:108)
	at org.codehaus.groovy.runtime.callsite.AbstractCallSite.call(AbstractCallSite.java:120)
	at Script1.run(Script1.groovy:10)
	at com.eviware.soapui.support.scripting.groovy.SoapUIGroovyScriptEngine.run(SoapUIGroovyScriptEngine.java:96)
	at com.eviware.soapui.support.scripting.groovy.SoapUIProGroovyScriptEngineFactory$SoapUIProGroovyScriptEngine.run(SourceFile:89)
	at com.eviware.soapui.impl.wsdl.teststeps.WsdlGroovyScriptTestStep.run(WsdlGroovyScriptTestStep.java:149)
	at com.eviware.soapui.impl.wsdl.support.AbstractTestCaseRunner.runTestStep(AbstractTestCaseRunner.java:238)
	at com.eviware.soapui.impl.wsdl.testcase.WsdlTestCaseRunner.runCurrentTestStep(WsdlTestCaseRunner.java:48)
	at com.eviware.soapui.impl.wsdl.support.AbstractTestCaseRunner.internalRun(AbstractTestCaseRunner.java:147)
	at com.eviware.soapui.impl.wsdl.support.AbstractTestCaseRunner.internalRun(AbstractTestCaseRunner.java:42)
	at com.eviware.soapui.impl.wsdl.support.AbstractTestRunner.run(AbstractTestRunner.java:135)
	at java.util.concurrent.Executors$RunnableAdapter.call(Executors.java:441)
	at java.util.concurrent.FutureTask$Sync.innerRun(FutureTask.java:303)
	at java.util.concurrent.FutureTask.run(FutureTask.java:138)
	at java.util.concurrent.ThreadPoolExecutor$Worker.runTask(ThreadPoolExecutor.java:886)
	at java.util.concurrent.ThreadPoolExecutor$Worker.run(ThreadPoolExecutor.java:908)
	at java.lang.Thread.run(Thread.java:680)
2012-08-06 17:46:56,731 ERROR [errorlog] java.lang.StringIndexOutOfBoundsException: String index out of range: -1
java.lang.StringIndexOutOfBoundsException: String index out of range: -1
	at java.lang.String.substring(String.java:1937)
	at java_lang_String$substring.call(Unknown Source)
	at org.codehaus.groovy.runtime.callsite.CallSiteArray.defaultCall(CallSiteArray.java:42)
	at org.codehaus.groovy.runtime.callsite.AbstractCallSite.call(AbstractCallSite.java:108)
	at org.codehaus.groovy.runtime.callsite.AbstractCallSite.call(AbstractCallSite.java:120)
	at Script1.run(Script1.groovy:10)
	at com.eviware.soapui.support.scripting.groovy.SoapUIGroovyScriptEngine.run(SoapUIGroovyScriptEngine.java:96)
	at com.eviware.soapui.support.scripting.groovy.SoapUIProGroovyScriptEngineFactory$SoapUIProGroovyScriptEngine.run(SourceFile:89)
	at com.eviware.soapui.impl.wsdl.teststeps.WsdlGroovyScriptTestStep.run(WsdlGroovyScriptTestStep.java:149)
	at com.eviware.soapui.impl.wsdl.support.AbstractTestCaseRunner.runTestStep(AbstractTestCaseRunner.java:238)
	at com.eviware.soapui.impl.wsdl.testcase.WsdlTestCaseRunner.runCurrentTestStep(WsdlTestCaseRunner.java:48)
	at com.eviware.soapui.impl.wsdl.support.AbstractTestCaseRunner.internalRun(AbstractTestCaseRunner.java:147)
	at com.eviware.soapui.impl.wsdl.support.AbstractTestCaseRunner.internalRun(AbstractTestCaseRunner.java:42)
	at com.eviware.soapui.impl.wsdl.support.AbstractTestRunner.run(AbstractTestRunner.java:135)
	at java.util.concurrent.Executors$RunnableAdapter.call(Executors.java:441)
	at java.util.concurrent.FutureTask$Sync.innerRun(FutureTask.java:303)
	at java.util.concurrent.FutureTask.run(FutureTask.java:138)
	at java.util.concurrent.ThreadPoolExecutor$Worker.runTask(ThreadPoolExecutor.java:886)
	at java.util.concurrent.ThreadPoolExecutor$Worker.run(ThreadPoolExecutor.java:908)
	at java.lang.Thread.run(Thread.java:680)
2012-08-06 17:47:35,605 ERROR [errorlog] javax.mail.MessagingException: Missing start boundary
javax.mail.MessagingException: Missing start boundary
	at javax.mail.internet.MimeMultipart.parsebm(MimeMultipart.java:713)
	at javax.mail.internet.MimeMultipart.parse(MimeMultipart.java:383)
	at javax.mail.internet.MimeMultipart.getCount(MimeMultipart.java:229)
	at com.eviware.soapui.impl.wsdl.submit.transports.http.support.attachments.MultipartMessageSupport.<init>(MultipartMessageSupport.java:59)
	at com.eviware.soapui.impl.wsdl.submit.transports.http.support.attachments.MimeMessageResponse.<init>(MimeMessageResponse.java:80)
	at com.eviware.soapui.impl.wsdl.submit.filters.HttpPackagingResponseFilter.httpRequest(HttpPackagingResponseFilter.java:81)
	at com.eviware.soapui.impl.wsdl.submit.filters.HttpPackagingResponseFilter.afterAbstractHttpResponse(HttpPackagingResponseFilter.java:50)
	at com.eviware.soapui.impl.wsdl.submit.filters.AbstractRequestFilter.afterRequest(AbstractRequestFilter.java:64)
	at com.eviware.soapui.impl.wsdl.submit.transports.http.HttpClientRequestTransport.sendRequest(HttpClientRequestTransport.java:297)
	at com.eviware.soapui.impl.wsdl.WsdlSubmit.run(WsdlSubmit.java:123)
	at com.eviware.soapui.impl.wsdl.WsdlSubmit.submitRequest(WsdlSubmit.java:76)
	at com.eviware.soapui.impl.support.http.HttpRequest.submit(HttpRequest.java:279)
	at com.eviware.soapui.impl.wsdl.teststeps.HttpTestRequestStep.run(HttpTestRequestStep.java:302)
	at com.eviware.soapui.impl.wsdl.support.AbstractTestCaseRunner.runTestStep(AbstractTestCaseRunner.java:238)
	at com.eviware.soapui.impl.wsdl.testcase.WsdlTestCaseRunner.runCurrentTestStep(WsdlTestCaseRunner.java:48)
	at com.eviware.soapui.impl.wsdl.support.AbstractTestCaseRunner.internalRun(AbstractTestCaseRunner.java:147)
	at com.eviware.soapui.impl.wsdl.support.AbstractTestCaseRunner.internalRun(AbstractTestCaseRunner.java:42)
	at com.eviware.soapui.impl.wsdl.support.AbstractTestRunner.run(AbstractTestRunner.java:135)
	at java.util.concurrent.Executors$RunnableAdapter.call(Executors.java:441)
	at java.util.concurrent.FutureTask$Sync.innerRun(FutureTask.java:303)
	at java.util.concurrent.FutureTask.run(FutureTask.java:138)
	at java.util.concurrent.ThreadPoolExecutor$Worker.runTask(ThreadPoolExecutor.java:886)
	at java.util.concurrent.ThreadPoolExecutor$Worker.run(ThreadPoolExecutor.java:908)
	at java.lang.Thread.run(Thread.java:680)
2012-08-06 17:47:56,015 ERROR [errorlog] javax.mail.MessagingException: Missing start boundary
javax.mail.MessagingException: Missing start boundary
	at javax.mail.internet.MimeMultipart.parsebm(MimeMultipart.java:713)
	at javax.mail.internet.MimeMultipart.parse(MimeMultipart.java:383)
	at javax.mail.internet.MimeMultipart.getCount(MimeMultipart.java:229)
	at com.eviware.soapui.impl.wsdl.submit.transports.http.support.attachments.MultipartMessageSupport.<init>(MultipartMessageSupport.java:59)
	at com.eviware.soapui.impl.wsdl.submit.transports.http.support.attachments.MimeMessageResponse.<init>(MimeMessageResponse.java:80)
	at com.eviware.soapui.impl.wsdl.submit.filters.HttpPackagingResponseFilter.httpRequest(HttpPackagingResponseFilter.java:81)
	at com.eviware.soapui.impl.wsdl.submit.filters.HttpPackagingResponseFilter.afterAbstractHttpResponse(HttpPackagingResponseFilter.java:50)
	at com.eviware.soapui.impl.wsdl.submit.filters.AbstractRequestFilter.afterRequest(AbstractRequestFilter.java:64)
	at com.eviware.soapui.impl.wsdl.submit.transports.http.HttpClientRequestTransport.sendRequest(HttpClientRequestTransport.java:297)
	at com.eviware.soapui.impl.wsdl.WsdlSubmit.run(WsdlSubmit.java:123)
	at com.eviware.soapui.impl.wsdl.WsdlSubmit.submitRequest(WsdlSubmit.java:76)
	at com.eviware.soapui.impl.support.http.HttpRequest.submit(HttpRequest.java:279)
	at com.eviware.soapui.impl.wsdl.teststeps.HttpTestRequestStep.run(HttpTestRequestStep.java:302)
	at com.eviware.soapui.impl.wsdl.support.AbstractTestCaseRunner.runTestStep(AbstractTestCaseRunner.java:238)
	at com.eviware.soapui.impl.wsdl.testcase.WsdlTestCaseRunner.runCurrentTestStep(WsdlTestCaseRunner.java:48)
	at com.eviware.soapui.impl.wsdl.support.AbstractTestCaseRunner.internalRun(AbstractTestCaseRunner.java:147)
	at com.eviware.soapui.impl.wsdl.support.AbstractTestCaseRunner.internalRun(AbstractTestCaseRunner.java:42)
	at com.eviware.soapui.impl.wsdl.support.AbstractTestRunner.run(AbstractTestRunner.java:135)
	at java.util.concurrent.Executors$RunnableAdapter.call(Executors.java:441)
	at java.util.concurrent.FutureTask$Sync.innerRun(FutureTask.java:303)
	at java.util.concurrent.FutureTask.run(FutureTask.java:138)
	at java.util.concurrent.ThreadPoolExecutor$Worker.runTask(ThreadPoolExecutor.java:886)
	at java.util.concurrent.ThreadPoolExecutor$Worker.run(ThreadPoolExecutor.java:908)
	at java.lang.Thread.run(Thread.java:680)
2012-08-06 17:48:34,182 ERROR [errorlog] java.lang.RuntimeException: net.sf.saxon.trans.XPathException: XPath syntax error at char 23 on line 2 in {\n//Response//e[task_id=]//}:
    Unexpected token "]" in path expression
java.lang.RuntimeException: net.sf.saxon.trans.XPathException: XPath syntax error at char 23 on line 2 in {\n//Response//e[task_id=]//}:
    Unexpected token "]" in path expression
	at org.apache.xmlbeans.impl.xpath.saxon.XBeansXPath.selectNodes(XBeansXPath.java:142)
	at org.apache.xmlbeans.impl.xpath.saxon.XBeansXPath.selectPath(XBeansXPath.java:148)
	at org.apache.xmlbeans.impl.store.Path$DelegatePathImpl$DelegatePathEngine.next(Path.java:541)
	at org.apache.xmlbeans.impl.store.Cursor._toSelection(Cursor.java:931)
	at org.apache.xmlbeans.impl.store.Cursor._toNextSelection(Cursor.java:920)
	at org.apache.xmlbeans.impl.store.Cursor.toNextSelection(Cursor.java:2670)
	at com.eviware.soapui.support.xml.XmlUtils.selectFirstDomNode(XmlUtils.java:1411)
	at com.eviware.soapui.support.xml.XmlUtils.selectFirstNodeValue(XmlUtils.java:1387)
	at com.eviware.soapui.support.XmlHolder.getNodeValue(XmlHolder.java:77)
	at com.eviware.soapui.support.XmlHolder$getNodeValue.call(Unknown Source)
	at org.codehaus.groovy.runtime.callsite.CallSiteArray.defaultCall(CallSiteArray.java:42)
	at org.codehaus.groovy.runtime.callsite.AbstractCallSite.call(AbstractCallSite.java:108)
	at org.codehaus.groovy.runtime.callsite.AbstractCallSite.call(AbstractCallSite.java:116)
	at Script1.run(Script1.groovy:14)
	at com.eviware.soapui.support.scripting.groovy.SoapUIGroovyScriptEngine.run(SoapUIGroovyScriptEngine.java:96)
	at com.eviware.soapui.support.scripting.groovy.SoapUIProGroovyScriptEngineFactory$SoapUIProGroovyScriptEngine.run(SourceFile:89)
	at com.eviware.soapui.impl.wsdl.teststeps.WsdlGroovyScriptTestStep.run(WsdlGroovyScriptTestStep.java:149)
	at com.eviware.soapui.impl.wsdl.support.AbstractTestCaseRunner.runTestStep(AbstractTestCaseRunner.java:238)
	at com.eviware.soapui.impl.wsdl.testcase.WsdlTestCaseRunner.runCurrentTestStep(WsdlTestCaseRunner.java:48)
	at com.eviware.soapui.impl.wsdl.support.AbstractTestCaseRunner.internalRun(AbstractTestCaseRunner.java:147)
	at com.eviware.soapui.impl.wsdl.support.AbstractTestCaseRunner.internalRun(AbstractTestCaseRunner.java:42)
	at com.eviware.soapui.impl.wsdl.support.AbstractTestRunner.run(AbstractTestRunner.java:135)
	at java.util.concurrent.Executors$RunnableAdapter.call(Executors.java:441)
	at java.util.concurrent.FutureTask$Sync.innerRun(FutureTask.java:303)
	at java.util.concurrent.FutureTask.run(FutureTask.java:138)
	at java.util.concurrent.ThreadPoolExecutor$Worker.runTask(ThreadPoolExecutor.java:886)
	at java.util.concurrent.ThreadPoolExecutor$Worker.run(ThreadPoolExecutor.java:908)
	at java.lang.Thread.run(Thread.java:680)
Caused by: net.sf.saxon.trans.XPathException: XPath syntax error at char 23 on line 2 in {\n//Response//e[task_id=]//}:
    Unexpected token "]" in path expression
	at net.sf.saxon.expr.ExpressionParser.grumble(ExpressionParser.java:149)
	at net.sf.saxon.expr.ExpressionParser.grumble(ExpressionParser.java:125)
	at net.sf.saxon.expr.ExpressionParser.parseBasicStep(ExpressionParser.java:1390)
	at net.sf.saxon.expr.ExpressionParser.parseStepExpression(ExpressionParser.java:1213)
	at net.sf.saxon.expr.ExpressionParser.parseRelativePath(ExpressionParser.java:1151)
	at net.sf.saxon.expr.ExpressionParser.parsePathExpression(ExpressionParser.java:1137)
	at net.sf.saxon.expr.ExpressionParser.parseUnaryExpression(ExpressionParser.java:1026)
	at net.sf.saxon.expr.ExpressionParser.parseCastExpression(ExpressionParser.java:691)
	at net.sf.saxon.expr.ExpressionParser.parseCastableExpression(ExpressionParser.java:646)
	at net.sf.saxon.expr.ExpressionParser.parseTreatExpression(ExpressionParser.java:627)
	at net.sf.saxon.expr.ExpressionParser.parseInstanceOfExpression(ExpressionParser.java:609)
	at net.sf.saxon.expr.ExpressionParser.parseIntersectExpression(ExpressionParser.java:1059)
	at net.sf.saxon.expr.ExpressionParser.parseUnionExpression(ExpressionParser.java:1041)
	at net.sf.saxon.expr.ExpressionParser.parseMultiplicativeExpression(ExpressionParser.java:978)
	at net.sf.saxon.expr.ExpressionParser.parseAdditiveExpression(ExpressionParser.java:958)
	at net.sf.saxon.expr.ExpressionParser.parseRangeExpression(ExpressionParser.java:876)
	at net.sf.saxon.expr.ExpressionParser.parseComparisonExpression(ExpressionParser.java:845)
	at net.sf.saxon.expr.ExpressionParser.parseAndExpression(ExpressionParser.java:423)
	at net.sf.saxon.expr.ExpressionParser.parseOrExpression(ExpressionParser.java:405)
	at net.sf.saxon.expr.ExpressionParser.parseExprSingle(ExpressionParser.java:354)
	at net.sf.saxon.expr.ExpressionParser.parseExpression(ExpressionParser.java:306)
	at net.sf.saxon.expr.ExpressionParser.parseStepExpression(ExpressionParser.java:1223)
	at net.sf.saxon.expr.ExpressionParser.parseRemainingPath(ExpressionParser.java:1185)
	at net.sf.saxon.expr.ExpressionParser.parsePathExpression(ExpressionParser.java:1133)
	at net.sf.saxon.expr.ExpressionParser.parseUnaryExpression(ExpressionParser.java:1026)
	at net.sf.saxon.expr.ExpressionParser.parseCastExpression(ExpressionParser.java:691)
	at net.sf.saxon.expr.ExpressionParser.parseCastableExpression(ExpressionParser.java:646)
	at net.sf.saxon.expr.ExpressionParser.parseTreatExpression(ExpressionParser.java:627)
	at net.sf.saxon.expr.ExpressionParser.parseInstanceOfExpression(ExpressionParser.java:609)
	at net.sf.saxon.expr.ExpressionParser.parseIntersectExpression(ExpressionParser.java:1059)
	at net.sf.saxon.expr.ExpressionParser.parseUnionExpression(ExpressionParser.java:1041)
	at net.sf.saxon.expr.ExpressionParser.parseMultiplicativeExpression(ExpressionParser.java:978)
	at net.sf.saxon.expr.ExpressionParser.parseAdditiveExpression(ExpressionParser.java:958)
	at net.sf.saxon.expr.ExpressionParser.parseRangeExpression(ExpressionParser.java:876)
	at net.sf.saxon.expr.ExpressionParser.parseComparisonExpression(ExpressionParser.java:826)
	at net.sf.saxon.expr.ExpressionParser.parseAndExpression(ExpressionParser.java:423)
	at net.sf.saxon.expr.ExpressionParser.parseOrExpression(ExpressionParser.java:405)
	at net.sf.saxon.expr.ExpressionParser.parseExprSingle(ExpressionParser.java:354)
	at net.sf.saxon.expr.ExpressionParser.parseExpression(ExpressionParser.java:306)
	at net.sf.saxon.expr.ExpressionParser.parse(ExpressionParser.java:228)
	at net.sf.saxon.expr.ExpressionTool.make(ExpressionTool.java:73)
	at net.sf.saxon.sxpath.XPathEvaluator.createExpression(XPathEvaluator.java:167)
	at org.apache.xmlbeans.impl.xpath.saxon.XBeansXPath.selectNodes(XBeansXPath.java:111)
	... 27 more
2012-08-06 17:49:14,887 ERROR [errorlog] javax.mail.MessagingException: Missing start boundary
javax.mail.MessagingException: Missing start boundary
	at javax.mail.internet.MimeMultipart.parsebm(MimeMultipart.java:713)
	at javax.mail.internet.MimeMultipart.parse(MimeMultipart.java:383)
	at javax.mail.internet.MimeMultipart.getCount(MimeMultipart.java:229)
	at com.eviware.soapui.impl.wsdl.submit.transports.http.support.attachments.MultipartMessageSupport.<init>(MultipartMessageSupport.java:59)
	at com.eviware.soapui.impl.wsdl.submit.transports.http.support.attachments.MimeMessageResponse.<init>(MimeMessageResponse.java:80)
	at com.eviware.soapui.impl.wsdl.submit.filters.HttpPackagingResponseFilter.httpRequest(HttpPackagingResponseFilter.java:81)
	at com.eviware.soapui.impl.wsdl.submit.filters.HttpPackagingResponseFilter.afterAbstractHttpResponse(HttpPackagingResponseFilter.java:50)
	at com.eviware.soapui.impl.wsdl.submit.filters.AbstractRequestFilter.afterRequest(AbstractRequestFilter.java:64)
	at com.eviware.soapui.impl.wsdl.submit.transports.http.HttpClientRequestTransport.sendRequest(HttpClientRequestTransport.java:297)
	at com.eviware.soapui.impl.wsdl.WsdlSubmit.run(WsdlSubmit.java:123)
	at com.eviware.soapui.impl.wsdl.WsdlSubmit.submitRequest(WsdlSubmit.java:76)
	at com.eviware.soapui.impl.support.http.HttpRequest.submit(HttpRequest.java:279)
	at com.eviware.soapui.impl.wsdl.teststeps.HttpTestRequestStep.run(HttpTestRequestStep.java:302)
	at com.eviware.soapui.impl.wsdl.support.AbstractTestCaseRunner.runTestStep(AbstractTestCaseRunner.java:238)
	at com.eviware.soapui.impl.wsdl.testcase.WsdlTestCaseRunner.runCurrentTestStep(WsdlTestCaseRunner.java:48)
	at com.eviware.soapui.impl.wsdl.support.AbstractTestCaseRunner.internalRun(AbstractTestCaseRunner.java:147)
	at com.eviware.soapui.impl.wsdl.support.AbstractTestCaseRunner.internalRun(AbstractTestCaseRunner.java:42)
	at com.eviware.soapui.impl.wsdl.support.AbstractTestRunner.run(AbstractTestRunner.java:135)
	at java.util.concurrent.Executors$RunnableAdapter.call(Executors.java:441)
	at java.util.concurrent.FutureTask$Sync.innerRun(FutureTask.java:303)
	at java.util.concurrent.FutureTask.run(FutureTask.java:138)
	at java.util.concurrent.ThreadPoolExecutor$Worker.runTask(ThreadPoolExecutor.java:886)
	at java.util.concurrent.ThreadPoolExecutor$Worker.run(ThreadPoolExecutor.java:908)
	at java.lang.Thread.run(Thread.java:680)
2012-08-06 17:49:16,935 ERROR [errorlog] java.lang.StringIndexOutOfBoundsException: String index out of range: -1
java.lang.StringIndexOutOfBoundsException: String index out of range: -1
	at java.lang.String.substring(String.java:1937)
	at java_lang_String$substring.call(Unknown Source)
	at org.codehaus.groovy.runtime.callsite.CallSiteArray.defaultCall(CallSiteArray.java:42)
	at org.codehaus.groovy.runtime.callsite.AbstractCallSite.call(AbstractCallSite.java:108)
	at org.codehaus.groovy.runtime.callsite.AbstractCallSite.call(AbstractCallSite.java:120)
	at Script1.run(Script1.groovy:10)
	at com.eviware.soapui.support.scripting.groovy.SoapUIGroovyScriptEngine.run(SoapUIGroovyScriptEngine.java:96)
	at com.eviware.soapui.support.scripting.groovy.SoapUIProGroovyScriptEngineFactory$SoapUIProGroovyScriptEngine.run(SourceFile:89)
	at com.eviware.soapui.impl.wsdl.teststeps.WsdlGroovyScriptTestStep.run(WsdlGroovyScriptTestStep.java:149)
	at com.eviware.soapui.impl.wsdl.support.AbstractTestCaseRunner.runTestStep(AbstractTestCaseRunner.java:238)
	at com.eviware.soapui.impl.wsdl.testcase.WsdlTestCaseRunner.runCurrentTestStep(WsdlTestCaseRunner.java:48)
	at com.eviware.soapui.impl.wsdl.support.AbstractTestCaseRunner.internalRun(AbstractTestCaseRunner.java:147)
	at com.eviware.soapui.impl.wsdl.support.AbstractTestCaseRunner.internalRun(AbstractTestCaseRunner.java:42)
	at com.eviware.soapui.impl.wsdl.support.AbstractTestRunner.run(AbstractTestRunner.java:135)
	at java.util.concurrent.Executors$RunnableAdapter.call(Executors.java:441)
	at java.util.concurrent.FutureTask$Sync.innerRun(FutureTask.java:303)
	at java.util.concurrent.FutureTask.run(FutureTask.java:138)
	at java.util.concurrent.ThreadPoolExecutor$Worker.runTask(ThreadPoolExecutor.java:886)
	at java.util.concurrent.ThreadPoolExecutor$Worker.run(ThreadPoolExecutor.java:908)
	at java.lang.Thread.run(Thread.java:680)
