<?xml version="1.0" encoding="UTF-8"?>
<testsuites>
  <testsuite name="testsfdl.DL TestSuite Clone" tests="12" failures="12" errors="0" time="154.01" package="testsfdl" id="1">
    <properties>
[...]
</properties>
    <testcase name="ExportBasico" time="6.318">
      <failure type="Cancelling due to failed test step" message="Cancelling due to failed test step"><![CDATA[<h3><b>getSessionValue Failed</b></h3><pre>java.lang.StringIndexOutOfBoundsException: String index out of range: -1
error at line: 10
</pre><hr/>]]></failure>
    </testcase>
    <testcase name="Import-Insert-Basico" time="2.688">
      <failure type="Cancelling due to failed test step" message="Cancelling due to failed test step"><![CDATA[<h3><b>getSessionValue Failed</b></h3><pre>java.lang.StringIndexOutOfBoundsException: String index out of range: -1
error at line: 10
</pre><hr/>]]></failure>
    </testcase>
    <testcase name="ExportBasicoOtraCuenta" time="3.026">
      <failure type="Cancelling due to failed test step" message="Cancelling due to failed test step"><![CDATA[<h3><b>getSessionValue Failed</b></h3><pre>java.lang.StringIndexOutOfBoundsException: String index out of range: -1
error at line: 10
</pre><hr/>]]></failure>
    </testcase>
    <testcase name="ExportBasicoOtraCuentaWithDown" time="2.858">
      <failure type="Cancelling due to failed test step" message="Cancelling due to failed test step"><![CDATA[<h3><b>getSessionValue Failed</b></h3><pre>java.lang.StringIndexOutOfBoundsException: String index out of range: -1
error at line: 10
</pre><hr/>]]></failure>
    </testcase>
    <testcase name="ExportBasicoOtraCuentaWithDownMU" time="35.613">
      <failure type="Cancelling due to failed test step" message="Cancelling due to failed test step"><![CDATA[<h3><b>getTaskStatus Failed</b></h3><pre>java.lang.RuntimeException: net.sf.saxon.trans.XPathException: XPath syntax error at char 23 on line 2 in {\n//Response//e[task_id=]//}:
    Unexpected token "]" in path expression
error at line: 14
</pre><hr/>]]></failure>
    </testcase>
    <testcase name="Import-Insert-WithDown-MU" time="2.62">
      <failure type="Cancelling due to failed test step" message="Cancelling due to failed test step"><![CDATA[<h3><b>getSessionValue Failed</b></h3><pre>java.lang.StringIndexOutOfBoundsException: String index out of range: -1
error at line: 10
</pre><hr/>]]></failure>
    </testcase>
    <testcase name="Import-Insert-WithDown-MU-NFile" time="2.67">
      <failure type="Cancelling due to failed test step" message="Cancelling due to failed test step"><![CDATA[<h3><b>getSessionValue Failed</b></h3><pre>java.lang.StringIndexOutOfBoundsException: String index out of range: -1
error at line: 10
</pre><hr/>]]></failure>
    </testcase>
    <testcase name="Import-Insert-WithDown-MU-NFile-FLAG" time="21.418">
      <failure type="java.lang.NullPointerException" message="java.lang.NullPointerException"/>
    </testcase>
    <testcase name="ClientapiDL" time="1.951">
      <failure type="java.lang.NullPointerException" message="java.lang.NullPointerException"/>
    </testcase>
    <testcase name="delete" time="14.577">
      <failure type="java.lang.NullPointerException" message="java.lang.NullPointerException"/>
    </testcase>
    <testcase name="ExportBasico-10mil" time="38.101">
      <failure type="Cancelling due to failed test step" message="Cancelling due to failed test step"><![CDATA[<h3><b>getTaskStatus Failed</b></h3><pre>java.lang.RuntimeException: net.sf.saxon.trans.XPathException: XPath syntax error at char 23 on line 2 in {\n//Response//e[task_id=]//}:
    Unexpected token "]" in path expression
error at line: 14
</pre><hr/>]]></failure>
    </testcase>
    <testcase name="Import-Insert-WithDown-MU-NFile-NAFLAG" time="22.17">
      <failure type="java.lang.NullPointerException" message="java.lang.NullPointerException"/>
    </testcase>
  </testsuite>
  <testsuite name="testsfdl.QA DL Clone" tests="1" failures="1" errors="0" time="2.024" package="testsfdl" id="2">
    <properties>
[...]
</properties>
    <testcase name="ExportBasico-10mil Clone" time="2.024">
      <failure type="Cancelling due to failed test step" message="Cancelling due to failed test step"><![CDATA[<h3><b>getSessionValue Failed</b></h3><pre>java.lang.StringIndexOutOfBoundsException: String index out of range: -1
error at line: 10
</pre><hr/>]]></failure>
    </testcase>
  </testsuite>
</testsuites>